Using board 'digispark-tiny' from platform in folder: /home/stefan/.arduino15/packages/digistump/hardware/avr/1.7.0
Using core 'tiny' from platform in folder: /home/stefan/.arduino15/packages/digistump/hardware/avr/1.7.0
Detecting libraries used...
/home/stefan/.arduino15/packages/arduino/tools/avr-gcc/7.3.0-atmel3.6.1-arduino5/bin/avr-g++ -c -g -Os -Wall -Wextra -std=gnu++11 -fpermissive -fno-exceptions -ffunction-sections -fdata-sections -fno-threadsafe-statics -flto -w -x c++ -E -CC -mmcu=attiny85 -DF_CPU=16500000L -DSERIAL_BUFFER_SIZE= -DARDUINO=10813 -DARDUINO_AVR_DIGISPARK -DARDUINO_ARCH_AVR -I/home/stefan/.arduino15/packages/digistump/hardware/avr/1.7.0/cores/tiny -I/home/stefan/.arduino15/packages/digistump/hardware/avr/1.7.0/variants/digispark /tmp/arduino_build_609626/sketch/MicronucleusDigiCDC.ino.cpp -o /dev/null -DARDUINO_LIB_DISCOVERY_PHASE
Alternatives for DigiCDC.h: [DigisparkCDC]
ResolveLibrary(DigiCDC.h)
  -> candidates: [DigisparkCDC]
/home/stefan/.arduino15/packages/arduino/tools/avr-gcc/7.3.0-atmel3.6.1-arduino5/bin/avr-g++ -c -g -Os -Wall -Wextra -std=gnu++11 -fpermissive -fno-exceptions -ffunction-sections -fdata-sections -fno-threadsafe-statics -flto -w -x c++ -E -CC -mmcu=attiny85 -DF_CPU=16500000L -DSERIAL_BUFFER_SIZE= -DARDUINO=10813 -DARDUINO_AVR_DIGISPARK -DARDUINO_ARCH_AVR -I/home/stefan/.arduino15/packages/digistump/hardware/avr/1.7.0/cores/tiny -I/home/stefan/.arduino15/packages/digistump/hardware/avr/1.7.0/variants/digispark -I/home/stefan/.arduino15/packages/digistump/hardware/avr/1.7.0/libraries/DigisparkCDC /tmp/arduino_build_609626/sketch/MicronucleusDigiCDC.ino.cpp -o /dev/null -DARDUINO_LIB_DISCOVERY_PHASE
Using cached library dependencies for file: /home/stefan/.arduino15/packages/digistump/hardware/avr/1.7.0/libraries/DigisparkCDC/DigiCDC.cpp
Using cached library dependencies for file: /home/stefan/.arduino15/packages/digistump/hardware/avr/1.7.0/libraries/DigisparkCDC/oddebug.c
Using cached library dependencies for file: /home/stefan/.arduino15/packages/digistump/hardware/avr/1.7.0/libraries/DigisparkCDC/osccal.c
Using cached library dependencies for file: /home/stefan/.arduino15/packages/digistump/hardware/avr/1.7.0/libraries/DigisparkCDC/usbdrv.c
/home/stefan/.arduino15/packages/arduino/tools/avr-gcc/7.3.0-atmel3.6.1-arduino5/bin/avr-g++ -c -g -Os -Wall -Wextra -std=gnu++11 -fpermissive -fno-exceptions -ffunction-sections -fdata-sections -fno-threadsafe-statics -flto -w -x c++ -E -CC -mmcu=attiny85 -DF_CPU=16500000L -DSERIAL_BUFFER_SIZE= -DARDUINO=10813 -DARDUINO_AVR_DIGISPARK -DARDUINO_ARCH_AVR -I/home/stefan/.arduino15/packages/digistump/hardware/avr/1.7.0/cores/tiny -I/home/stefan/.arduino15/packages/digistump/hardware/avr/1.7.0/variants/digispark -I/home/stefan/.arduino15/packages/digistump/hardware/avr/1.7.0/libraries/DigisparkCDC /home/stefan/.arduino15/packages/digistump/hardware/avr/1.7.0/libraries/DigisparkCDC/usbdrvasm.S -o /dev/null -DARDUINO_LIB_DISCOVERY_PHASE
Error while detecting libraries included by /home/stefan/.arduino15/packages/digistump/hardware/avr/1.7.0/libraries/DigisparkCDC/usbdrvasm.S
Generating function prototypes...
/home/stefan/.arduino15/packages/arduino/tools/avr-gcc/7.3.0-atmel3.6.1-arduino5/bin/avr-g++ -c -g -Os -Wall -Wextra -std=gnu++11 -fpermissive -fno-exceptions -ffunction-sections -fdata-sections -fno-threadsafe-statics -flto -w -x c++ -E -CC -mmcu=attiny85 -DF_CPU=16500000L -DSERIAL_BUFFER_SIZE= -DARDUINO=10813 -DARDUINO_AVR_DIGISPARK -DARDUINO_ARCH_AVR -I/home/stefan/.arduino15/packages/digistump/hardware/avr/1.7.0/cores/tiny -I/home/stefan/.arduino15/packages/digistump/hardware/avr/1.7.0/variants/digispark -I/home/stefan/.arduino15/packages/digistump/hardware/avr/1.7.0/libraries/DigisparkCDC /tmp/arduino_build_609626/sketch/MicronucleusDigiCDC.ino.cpp -o /tmp/arduino_build_609626/preproc/ctags_target_for_gcc_minus_e.cpp -DARDUINO_LIB_DISCOVERY_PHASE
/mnt/6b436730-93b8-4876-95df-6252fb014c4a/arduino-1.8.13/tools-builder/ctags/5.8-arduino11/ctags -u --language-force=c++ -f - --c++-kinds=svpf --fields=KSTtzns --line-directives /tmp/arduino_build_609626/preproc/ctags_target_for_gcc_minus_e.cpp
Sketch wird kompiliert...
/home/stefan/.arduino15/packages/arduino/tools/avr-gcc/7.3.0-atmel3.6.1-arduino5/bin/avr-g++ -c -g -Os -Wall -Wextra -std=gnu++11 -fpermissive -fno-exceptions -ffunction-sections -fdata-sections -fno-threadsafe-statics -flto -MMD -mmcu=attiny85 -DF_CPU=16500000L -DSERIAL_BUFFER_SIZE={build.SerialBufferSize} -DARDUINO=10813 -DARDUINO_AVR_DIGISPARK -DARDUINO_ARCH_AVR -I/home/stefan/.arduino15/packages/digistump/hardware/avr/1.7.0/cores/tiny -I/home/stefan/.arduino15/packages/digistump/hardware/avr/1.7.0/variants/digispark -I/home/stefan/.arduino15/packages/digistump/hardware/avr/1.7.0/libraries/DigisparkCDC /tmp/arduino_build_609626/sketch/MicronucleusDigiCDC.ino.cpp -o /tmp/arduino_build_609626/sketch/MicronucleusDigiCDC.ino.cpp.o
In file included from /home/stefan/Arduino/MicronucleusDigiCDC/MicronucleusDigiCDC.ino:1:0:
/home/stefan/.arduino15/packages/digistump/hardware/avr/1.7.0/libraries/DigisparkCDC/DigiCDC.h:34:21: warning: 'txBuf_Data' defined but not used [-Wunused-variable]
 static uint8_t      txBuf_Data[HW_CDC_TX_BUF_SIZE];
                     ^~~~~~~~~~
/home/stefan/.arduino15/packages/digistump/hardware/avr/1.7.0/libraries/DigisparkCDC/DigiCDC.h:33:21: warning: 'txBuf' defined but not used [-Wunused-variable]
 static RingBuffer_t txBuf;
                     ^~~~~
/home/stefan/.arduino15/packages/digistump/hardware/avr/1.7.0/libraries/DigisparkCDC/DigiCDC.h:31:21: warning: 'rxBuf_Data' defined but not used [-Wunused-variable]
 static uint8_t      rxBuf_Data[HW_CDC_RX_BUF_SIZE];
                     ^~~~~~~~~~
/home/stefan/.arduino15/packages/digistump/hardware/avr/1.7.0/libraries/DigisparkCDC/DigiCDC.h:30:21: warning: 'rxBuf' defined but not used [-Wunused-variable]
 static RingBuffer_t rxBuf;
                     ^~~~~
/home/stefan/.arduino15/packages/digistump/hardware/avr/1.7.0/libraries/DigisparkCDC/DigiCDC.h:28:16: warning: 'index' defined but not used [-Wunused-variable]
 static uint8_t index = 0;
                ^~~~~
/home/stefan/.arduino15/packages/digistump/hardware/avr/1.7.0/libraries/DigisparkCDC/DigiCDC.h:27:16: warning: 'tmp' defined but not used [-Wunused-variable]
 static uint8_t tmp[HW_CDC_BULK_IN_SIZE];
                ^~~
Compiling libraries...
Compiling library "DigisparkCDC"
/home/stefan/.arduino15/packages/arduino/tools/avr-gcc/7.3.0-atmel3.6.1-arduino5/bin/avr-gcc -c -g -x assembler-with-cpp -flto -mmcu=attiny85 -DF_CPU=16500000L -DSERIAL_BUFFER_SIZE={build.SerialBufferSize} -DARDUINO=10813 -DARDUINO_AVR_DIGISPARK -DARDUINO_ARCH_AVR -I/home/stefan/.arduino15/packages/digistump/hardware/avr/1.7.0/cores/tiny -I/home/stefan/.arduino15/packages/digistump/hardware/avr/1.7.0/variants/digispark -I/home/stefan/.arduino15/packages/digistump/hardware/avr/1.7.0/libraries/DigisparkCDC /home/stefan/.arduino15/packages/digistump/hardware/avr/1.7.0/libraries/DigisparkCDC/usbdrvasm.S -o /tmp/arduino_build_609626/libraries/DigisparkCDC/usbdrvasm.S.o
Zuvor kompilierte Datei wird verwendet: /tmp/arduino_build_609626/libraries/DigisparkCDC/oddebug.c.o
Zuvor kompilierte Datei wird verwendet: /tmp/arduino_build_609626/libraries/DigisparkCDC/osccal.c.o
Zuvor kompilierte Datei wird verwendet: /tmp/arduino_build_609626/libraries/DigisparkCDC/usbdrv.c.o
Zuvor kompilierte Datei wird verwendet: /tmp/arduino_build_609626/libraries/DigisparkCDC/DigiCDC.cpp.o
Compiling core...
Zuvor kompilierte Datei wird verwendet: /tmp/arduino_build_609626/core/pins_arduino.c.o
Using precompiled core: /tmp/arduino_cache_492441/core/core_addf65f4e4231a73a98db964a17b3220.a
Linking everything together...
/home/stefan/.arduino15/packages/arduino/tools/avr-gcc/7.3.0-atmel3.6.1-arduino5/bin/avr-gcc -Os -g -Wl,--gc-sections -mmcu=attiny85 -o /tmp/arduino_build_609626/MicronucleusDigiCDC.ino.elf /tmp/arduino_build_609626/sketch/MicronucleusDigiCDC.ino.cpp.o /tmp/arduino_build_609626/libraries/DigisparkCDC/usbdrvasm.S.o /tmp/arduino_build_609626/libraries/DigisparkCDC/oddebug.c.o /tmp/arduino_build_609626/libraries/DigisparkCDC/osccal.c.o /tmp/arduino_build_609626/libraries/DigisparkCDC/usbdrv.c.o /tmp/arduino_build_609626/libraries/DigisparkCDC/DigiCDC.cpp.o /tmp/arduino_build_609626/core/pins_arduino.c.o /tmp/arduino_cache_492441/core/core_addf65f4e4231a73a98db964a17b3220.a -L/tmp/arduino_build_609626 -lm
/home/stefan/.arduino15/packages/arduino/tools/avr-gcc/7.3.0-atmel3.6.1-arduino5/bin/avr-objcopy -O ihex -j .eeprom --set-section-flags=.eeprom=alloc,load --no-change-warnings --change-section-lma .eeprom=0 /tmp/arduino_build_609626/MicronucleusDigiCDC.ino.elf /tmp/arduino_build_609626/MicronucleusDigiCDC.ino.eep
/home/stefan/.arduino15/packages/arduino/tools/avr-gcc/7.3.0-atmel3.6.1-arduino5/bin/avr-objcopy -O ihex -R .eeprom /tmp/arduino_build_609626/MicronucleusDigiCDC.ino.elf /tmp/arduino_build_609626/MicronucleusDigiCDC.ino.hex
bash -c "/home/stefan/.arduino15/packages/arduino/tools/avr-gcc/7.3.0-atmel3.6.1-arduino5/bin/avr-objdump --disassemble --source --line-numbers --demangle --section=.text /tmp/arduino_build_609626/MicronucleusDigiCDC.ino.elf > /tmp/arduino_build_609626/MicronucleusDigiCDC.ino.lst"
bash -c "/home/stefan/.arduino15/packages/arduino/tools/avr-gcc/7.3.0-atmel3.6.1-arduino5/bin/avr-nm --numeric-sort --line-numbers --print-size /tmp/arduino_build_609626/MicronucleusDigiCDC.ino.elf > /tmp/arduino_build_609626/MicronucleusDigiCDC.ino.map"
Bibliothek DigisparkCDC im Ordner: /home/stefan/.arduino15/packages/digistump/hardware/avr/1.7.0/libraries/DigisparkCDC (legacy) wird verwendet
/home/stefan/.arduino15/packages/arduino/tools/avr-gcc/7.3.0-atmel3.6.1-arduino5/bin/avr-size -A /tmp/arduino_build_609626/MicronucleusDigiCDC.ino.elf
Der Sketch verwendet 3940 Bytes (59%) des Programmspeicherplatzes. Das Maximum sind 6586 Bytes.
Globale Variablen verwenden 229 Bytes (44%) des dynamischen Speichers, 283 Bytes für lokale Variablen verbleiben. Das Maximum sind 512 Bytes.
/home/stefan/.arduino15/packages/digistump/tools/micronucleus/2.0a4/launcher -cdigispark --timeout 60 -Uflash:w:/tmp/arduino_build_609626/MicronucleusDigiCDC.ino.hex:i 
Running Digispark Uploader...
Plug in device now... (will timeout in 60 seconds)
> Please plug in the device ... 
> Press CTRL+C to terminate the program.
> Device is found!
connecting: 16% complete
connecting: 22% complete
connecting: 28% complete
connecting: 33% complete
> Device has firmware version 2.5
> Device signature: 0x1e930b 
> Available space for user applications: 6586 bytes
> Suggested sleep time between sending pages: 7ms
> Whole page count: 103  page size: 64
> Erase function sleep duration: 721ms
parsing: 50% complete
> Erasing the memory ...
erasing: 55% complete
erasing: 60% complete
erasing: 65% complete
> Starting to upload ...
writing: 70% complete
writing: 75% complete
writing: 80% complete
> Starting the user app ...
running: 100% complete
>> Micronucleus done. Thank you!
